# JRE version: OpenJDK Runtime Environment 18.9 (11.0.11+9) (build 11.0.11+9)
# Java VM: OpenJDK 64-Bit Server VM 18.9 (11.0.11+9, mixed mode, tiered, compressed oops, g1 gc, windows-amd64)
Heap:
 garbage-first heap   total 266240K, used 138636K [0x0000000740000000, 0x0000000800000000)
  region size 1024K, 55 young (56320K), 0 survivors (0K)
 Metaspace       used 115837K, capacity 117933K, committed 120348K, reserved 1153024K
  class space    used 14723K, capacity 15604K, committed 16492K, reserved 1048576K
GC Heap History (20 events):
Event: 5415.166 GC heap before
{Heap before GC invocations=298 (full 12):
 garbage-first heap   total 266240K, used 89581K [0x0000000740000000, 0x0000000800000000)
  region size 1024K, 8 young (8192K), 1 survivors (1024K)
 Metaspace       used 115689K, capacity 117800K, committed 120092K, reserved 1153024K
  class space    used 14717K, capacity 15603K, committed 16492K, reserved 1048576K
}
Event: 5415.245 GC heap after
{Heap after GC invocations=299 (full 13):
 garbage-first heap   total 266240K, used 83230K [0x0000000740000000, 0x0000000800000000)
  region size 1024K, 0 young (0K), 0 survivors (0K)
 Metaspace       used 115689K, capacity 117800K, committed 120092K, reserved 1153024K
  class space    used 14717K, capacity 15603K, committed 16492K, reserved 1048576K
}
Event: 5422.522 GC heap before
{Heap before GC invocations=299 (full 13):
 garbage-first heap   total 266240K, used 144670K [0x0000000740000000, 0x0000000800000000)
  region size 1024K, 60 young (61440K), 0 survivors (0K)
 Metaspace       used 115695K, capacity 117800K, committed 120092K, reserved 1153024K
  class space    used 14717K, capacity 15603K, committed 16492K, reserved 1048576K
}
Event: 5422.523 GC heap after
{Heap after GC invocations=300 (full 13):
 garbage-first heap   total 266240K, used 83463K [0x0000000740000000, 0x0000000800000000)
  region size 1024K, 1 young (1024K), 1 survivors (1024K)
 Metaspace       used 115695K, capacity 117800K, committed 120092K, reserved 1153024K
  class space    used 14717K, capacity 15603K, committed 16492K, reserved 1048576K
}
Event: 5427.513 GC heap before
{Heap before GC invocations=300 (full 13):
 garbage-first heap   total 266240K, used 143879K [0x0000000740000000, 0x0000000800000000)
  region size 1024K, 60 young (61440K), 1 survivors (1024K)
 Metaspace       used 115728K, capacity 117864K, committed 120348K, reserved 1153024K
  class space    used 14717K, capacity 15603K, committed 16492K, reserved 1048576K
}
Event: 5427.515 GC heap after
{Heap after GC invocations=301 (full 13):
 garbage-first heap   total 266240K, used 83591K [0x0000000740000000, 0x0000000800000000)
  region size 1024K, 1 young (1024K), 1 survivors (1024K)
 Metaspace       used 115728K, capacity 117864K, committed 120348K, reserved 1153024K
  class space    used 14717K, capacity 15603K, committed 16492K, reserved 1048576K
}
Event: 5438.235 GC heap before
{Heap before GC invocations=301 (full 13):
 garbage-first heap   total 266240K, used 144007K [0x0000000740000000, 0x0000000800000000)
  region size 1024K, 60 young (61440K), 1 survivors (1024K)
 Metaspace       used 115728K, capacity 117864K, committed 120348K, reserved 1153024K
  class space    used 14717K, capacity 15603K, committed 16492K, reserved 1048576K
}
Event: 5438.236 GC heap after
{Heap after GC invocations=302 (full 13):
 garbage-first heap   total 266240K, used 83478K [0x0000000740000000, 0x0000000800000000)
  region size 1024K, 1 young (1024K), 1 survivors (1024K)
 Metaspace       used 115728K, capacity 117864K, committed 120348K, reserved 1153024K
  class space    used 14717K, capacity 15603K, committed 16492K, reserved 1048576K
}
Event: 5441.721 GC heap before
{Heap before GC invocations=302 (full 13):
 garbage-first heap   total 266240K, used 143894K [0x0000000740000000, 0x0000000800000000)
  region size 1024K, 60 young (61440K), 1 survivors (1024K)
 Metaspace       used 115776K, capacity 117864K, committed 120348K, reserved 1153024K
  class space    used 14723K, capacity 15603K, committed 16492K, reserved 1048576K
}
Event: 5441.723 GC heap after
{Heap after GC invocations=303 (full 13):
 garbage-first heap   total 266240K, used 83818K [0x0000000740000000, 0x0000000800000000)
  region size 1024K, 1 young (1024K), 1 survivors (1024K)
 Metaspace       used 115776K, capacity 117864K, committed 120348K, reserved 1153024K
  class space    used 14723K, capacity 15603K, committed 16492K, reserved 1048576K
}
Event: 5448.483 GC heap before
{Heap before GC invocations=303 (full 13):
 garbage-first heap   total 266240K, used 143210K [0x0000000740000000, 0x0000000800000000)
  region size 1024K, 60 young (61440K), 1 survivors (1024K)
 Metaspace       used 115811K, capacity 117866K, committed 120348K, reserved 1153024K
  class space    used 14723K, capacity 15603K, committed 16492K, reserved 1048576K
}
Event: 5448.485 GC heap after
{Heap after GC invocations=304 (full 13):
 garbage-first heap   total 266240K, used 83992K [0x0000000740000000, 0x0000000800000000)
  region size 1024K, 1 young (1024K), 1 survivors (1024K)
 Metaspace       used 115811K, capacity 117866K, committed 120348K, reserved 1153024K
  class space    used 14723K, capacity 15603K, committed 16492K, reserved 1048576K
}
Event: 5451.049 GC heap before
{Heap before GC invocations=304 (full 13):
 garbage-first heap   total 266240K, used 144408K [0x0000000740000000, 0x0000000800000000)
  region size 1024K, 60 young (61440K), 1 survivors (1024K)
 Metaspace       used 115811K, capacity 117866K, committed 120348K, reserved 1153024K
  class space    used 14723K, capacity 15603K, committed 16492K, reserved 1048576K
}
Event: 5451.052 GC heap after
{Heap after GC invocations=305 (full 13):
 garbage-first heap   total 266240K, used 84131K [0x0000000740000000, 0x0000000800000000)
  region size 1024K, 1 young (1024K), 1 survivors (1024K)
 Metaspace       used 115811K, capacity 117866K, committed 120348K, reserved 1153024K
  class space    used 14723K, capacity 15603K, committed 16492K, reserved 1048576K
}
Event: 5453.070 GC heap before
{Heap before GC invocations=305 (full 13):
 garbage-first heap   total 266240K, used 100515K [0x0000000740000000, 0x0000000800000000)
  region size 1024K, 16 young (16384K), 1 survivors (1024K)
 Metaspace       used 115818K, capacity 117930K, committed 120348K, reserved 1153024K
  class space    used 14723K, capacity 15603K, committed 16492K, reserved 1048576K
}
Event: 5453.175 GC heap after
{Heap after GC invocations=306 (full 14):
 garbage-first heap   total 266240K, used 83281K [0x0000000740000000, 0x0000000800000000)
  region size 1024K, 0 young (0K), 0 survivors (0K)
 Metaspace       used 115818K, capacity 117930K, committed 120348K, reserved 1153024K
  class space    used 14723K, capacity 15603K, committed 16492K, reserved 1048576K
}
Event: 5453.240 GC heap before
{Heap before GC invocations=306 (full 14):
 garbage-first heap   total 266240K, used 84305K [0x0000000740000000, 0x0000000800000000)
  region size 1024K, 2 young (2048K), 0 survivors (0K)
 Metaspace       used 115818K, capacity 117930K, committed 120348K, reserved 1153024K
  class space    used 14723K, capacity 15603K, committed 16492K, reserved 1048576K
}
Event: 5453.340 GC heap after
{Heap after GC invocations=307 (full 15):
 garbage-first heap   total 266240K, used 83247K [0x0000000740000000, 0x0000000800000000)
  region size 1024K, 0 young (0K), 0 survivors (0K)
 Metaspace       used 115818K, capacity 117930K, committed 120348K, reserved 1153024K
  class space    used 14723K, capacity 15603K, committed 16492K, reserved 1048576K
}
Event: 5454.812 GC heap before
{Heap before GC invocations=307 (full 15):
 garbage-first heap   total 266240K, used 90415K [0x0000000740000000, 0x0000000800000000)
  region size 1024K, 6 young (6144K), 0 survivors (0K)
 Metaspace       used 115820K, capacity 117930K, committed 120348K, reserved 1153024K
  class space    used 14723K, capacity 15603K, committed 16492K, reserved 1048576K
}
Event: 5454.900 GC heap after
{Heap after GC invocations=308 (full 16):
 garbage-first heap   total 266240K, used 83340K [0x0000000740000000, 0x0000000800000000)
  region size 1024K, 0 young (0K), 0 survivors (0K)
 Metaspace       used 115820K, capacity 117930K, committed 120348K, reserved 1153024K
  class space    used 14723K, capacity 15603K, committed 16492K, reserved 1048576K
}

