# JRE version: OpenJDK Runtime Environment 18.9 (11.0.11+9) (build 11.0.11+9)
# Java VM: OpenJDK 64-Bit Server VM 18.9 (11.0.11+9, mixed mode, tiered, compressed oops, g1 gc, windows-amd64)
Heap:
 garbage-first heap   total 262144K, used 159002K [0x0000000740000000, 0x0000000800000000)
  region size 1024K, 57 young (58368K), 2 survivors (2048K)
 Metaspace       used 127597K, capacity 129353K, committed 133808K, reserved 1165312K
  class space    used 16671K, capacity 17395K, committed 18944K, reserved 1048576K
GC Heap History (20 events):
Event: 4768.300 GC heap before
{Heap before GC invocations=492 (full 9):
 garbage-first heap   total 262144K, used 160165K [0x0000000740000000, 0x0000000800000000)
  region size 1024K, 60 young (61440K), 4 survivors (4096K)
 Metaspace       used 127526K, capacity 129289K, committed 133808K, reserved 1165312K
  class space    used 16670K, capacity 17395K, committed 18944K, reserved 1048576K
}
Event: 4768.304 GC heap after
{Heap after GC invocations=493 (full 9):
 garbage-first heap   total 262144K, used 102730K [0x0000000740000000, 0x0000000800000000)
  region size 1024K, 4 young (4096K), 4 survivors (4096K)
 Metaspace       used 127526K, capacity 129289K, committed 133808K, reserved 1165312K
  class space    used 16670K, capacity 17395K, committed 18944K, reserved 1048576K
}
Event: 4769.054 GC heap before
{Heap before GC invocations=493 (full 9):
 garbage-first heap   total 262144K, used 160074K [0x0000000740000000, 0x0000000800000000)
  region size 1024K, 60 young (61440K), 4 survivors (4096K)
 Metaspace       used 127526K, capacity 129289K, committed 133808K, reserved 1165312K
  class space    used 16670K, capacity 17395K, committed 18944K, reserved 1048576K
}
Event: 4769.058 GC heap after
{Heap after GC invocations=494 (full 9):
 garbage-first heap   total 262144K, used 102751K [0x0000000740000000, 0x0000000800000000)
  region size 1024K, 4 young (4096K), 4 survivors (4096K)
 Metaspace       used 127526K, capacity 129289K, committed 133808K, reserved 1165312K
  class space    used 16670K, capacity 17395K, committed 18944K, reserved 1048576K
}
Event: 4770.000 GC heap before
{Heap before GC invocations=494 (full 9):
 garbage-first heap   total 262144K, used 160095K [0x0000000740000000, 0x0000000800000000)
  region size 1024K, 60 young (61440K), 4 survivors (4096K)
 Metaspace       used 127526K, capacity 129289K, committed 133808K, reserved 1165312K
  class space    used 16670K, capacity 17395K, committed 18944K, reserved 1048576K
}
Event: 4770.006 GC heap after
{Heap after GC invocations=495 (full 9):
 garbage-first heap   total 262144K, used 102866K [0x0000000740000000, 0x0000000800000000)
  region size 1024K, 3 young (3072K), 3 survivors (3072K)
 Metaspace       used 127526K, capacity 129289K, committed 133808K, reserved 1165312K
  class space    used 16670K, capacity 17395K, committed 18944K, reserved 1048576K
}
Event: 4776.599 GC heap before
{Heap before GC invocations=495 (full 9):
 garbage-first heap   total 262144K, used 161234K [0x0000000740000000, 0x0000000800000000)
  region size 1024K, 60 young (61440K), 3 survivors (3072K)
 Metaspace       used 127526K, capacity 129289K, committed 133808K, reserved 1165312K
  class space    used 16670K, capacity 17395K, committed 18944K, reserved 1048576K
}
Event: 4776.603 GC heap after
{Heap after GC invocations=496 (full 9):
 garbage-first heap   total 262144K, used 102975K [0x0000000740000000, 0x0000000800000000)
  region size 1024K, 3 young (3072K), 3 survivors (3072K)
 Metaspace       used 127526K, capacity 129289K, committed 133808K, reserved 1165312K
  class space    used 16670K, capacity 17395K, committed 18944K, reserved 1048576K
}
Event: 4778.511 GC heap before
{Heap before GC invocations=496 (full 9):
 garbage-first heap   total 262144K, used 161343K [0x0000000740000000, 0x0000000800000000)
  region size 1024K, 60 young (61440K), 3 survivors (3072K)
 Metaspace       used 127526K, capacity 129289K, committed 133808K, reserved 1165312K
  class space    used 16670K, capacity 17395K, committed 18944K, reserved 1048576K
}
Event: 4778.515 GC heap after
{Heap after GC invocations=497 (full 9):
 garbage-first heap   total 262144K, used 102903K [0x0000000740000000, 0x0000000800000000)
  region size 1024K, 3 young (3072K), 3 survivors (3072K)
 Metaspace       used 127526K, capacity 129289K, committed 133808K, reserved 1165312K
  class space    used 16670K, capacity 17395K, committed 18944K, reserved 1048576K
}
Event: 4780.876 GC heap before
{Heap before GC invocations=497 (full 9):
 garbage-first heap   total 262144K, used 161271K [0x0000000740000000, 0x0000000800000000)
  region size 1024K, 60 young (61440K), 3 survivors (3072K)
 Metaspace       used 127530K, capacity 129289K, committed 133808K, reserved 1165312K
  class space    used 16670K, capacity 17395K, committed 18944K, reserved 1048576K
}
Event: 4780.880 GC heap after
{Heap after GC invocations=498 (full 9):
 garbage-first heap   total 262144K, used 103083K [0x0000000740000000, 0x0000000800000000)
  region size 1024K, 3 young (3072K), 3 survivors (3072K)
 Metaspace       used 127530K, capacity 129289K, committed 133808K, reserved 1165312K
  class space    used 16670K, capacity 17395K, committed 18944K, reserved 1048576K
}
Event: 4783.866 GC heap before
{Heap before GC invocations=498 (full 9):
 garbage-first heap   total 262144K, used 161451K [0x0000000740000000, 0x0000000800000000)
  region size 1024K, 60 young (61440K), 3 survivors (3072K)
 Metaspace       used 127531K, capacity 129289K, committed 133808K, reserved 1165312K
  class space    used 16670K, capacity 17395K, committed 18944K, reserved 1048576K
}
Event: 4783.871 GC heap after
{Heap after GC invocations=499 (full 9):
 garbage-first heap   total 262144K, used 103185K [0x0000000740000000, 0x0000000800000000)
  region size 1024K, 2 young (2048K), 2 survivors (2048K)
 Metaspace       used 127531K, capacity 129289K, committed 133808K, reserved 1165312K
  class space    used 16670K, capacity 17395K, committed 18944K, reserved 1048576K
}
Event: 4785.948 GC heap before
{Heap before GC invocations=499 (full 9):
 garbage-first heap   total 262144K, used 162577K [0x0000000740000000, 0x0000000800000000)
  region size 1024K, 60 young (61440K), 2 survivors (2048K)
 Metaspace       used 127531K, capacity 129289K, committed 133808K, reserved 1165312K
  class space    used 16670K, capacity 17395K, committed 18944K, reserved 1048576K
}
Event: 4785.951 GC heap after
{Heap after GC invocations=500 (full 9):
 garbage-first heap   total 262144K, used 103257K [0x0000000740000000, 0x0000000800000000)
  region size 1024K, 2 young (2048K), 2 survivors (2048K)
 Metaspace       used 127531K, capacity 129289K, committed 133808K, reserved 1165312K
  class space    used 16670K, capacity 17395K, committed 18944K, reserved 1048576K
}
Event: 4786.785 GC heap before
{Heap before GC invocations=500 (full 9):
 garbage-first heap   total 262144K, used 162649K [0x0000000740000000, 0x0000000800000000)
  region size 1024K, 60 young (61440K), 2 survivors (2048K)
 Metaspace       used 127531K, capacity 129289K, committed 133808K, reserved 1165312K
  class space    used 16670K, capacity 17395K, committed 18944K, reserved 1048576K
}
Event: 4786.788 GC heap after
{Heap after GC invocations=501 (full 9):
 garbage-first heap   total 262144K, used 103240K [0x0000000740000000, 0x0000000800000000)
  region size 1024K, 2 young (2048K), 2 survivors (2048K)
 Metaspace       used 127531K, capacity 129289K, committed 133808K, reserved 1165312K
  class space    used 16670K, capacity 17395K, committed 18944K, reserved 1048576K
}
Event: 4792.651 GC heap before
{Heap before GC invocations=501 (full 9):
 garbage-first heap   total 262144K, used 162632K [0x0000000740000000, 0x0000000800000000)
  region size 1024K, 60 young (61440K), 2 survivors (2048K)
 Metaspace       used 127534K, capacity 129289K, committed 133808K, reserved 1165312K
  class space    used 16670K, capacity 17395K, committed 18944K, reserved 1048576K
}
Event: 4792.653 GC heap after
{Heap after GC invocations=502 (full 9):
 garbage-first heap   total 262144K, used 103706K [0x0000000740000000, 0x0000000800000000)
  region size 1024K, 2 young (2048K), 2 survivors (2048K)
 Metaspace       used 127534K, capacity 129289K, committed 133808K, reserved 1165312K
  class space    used 16670K, capacity 17395K, committed 18944K, reserved 1048576K
}

